<?xml version="1.0" encoding="UTF-8" ?>
<testsuite errors="0" failures="1" hostname="ubuntu-Lenovo-IdeaPad-S540-15IWL-D" name="com.google.appinventor.blocklyeditor.BlocklyCodeGeneratorTest" skipped="0" tests="1" time="0.099" timestamp="2023-05-22T18:48:45">
  <properties>
    <property name="java.vendor" value="Private Build" />
    <property name="lib.dir" value="/home/ubuntu/mitapp/appinventor-sources/appinventor/lib" />
    <property name="sun.java.launcher" value="SUN_STANDARD" />
    <property name="sun.management.compiler" value="HotSpot 64-Bit Tiered Compilers" />
    <property name="docs.dir" value="/home/ubuntu/mitapp/appinventor-sources/appinventor/docs" />
    <property name="ai.i18n.src.dir" value="/home/ubuntu/mitapp/appinventor-sources/appinventor/blocklyeditor/src/msg/ai_blockly" />
    <property name="ant.file.blocklyeditor" value="/home/ubuntu/mitapp/appinventor-sources/appinventor/blocklyeditor/build.xml" />
    <property name="i18n.src.dir" value="/home/ubuntu/mitapp/appinventor-sources/appinventor/blocklyeditor/src/msg" />
    <property name="os.name" value="Linux" />
    <property name="blockly.src.dir" value="/home/ubuntu/mitapp/appinventor-sources/appinventor/lib/blockly" />
    <property name="sun.boot.class.path" value="/usr/lib/jvm/java-8-openjdk-amd64/jre/lib/resources.jar:/usr/lib/jvm/java-8-openjdk-amd64/jre/lib/rt.jar:/usr/lib/jvm/java-8-openjdk-amd64/jre/lib/sunrsasign.jar:/usr/lib/jvm/java-8-openjdk-amd64/jre/lib/jsse.jar:/usr/lib/jvm/java-8-openjdk-amd64/jre/lib/jce.jar:/usr/lib/jvm/java-8-openjdk-amd64/jre/lib/charsets.jar:/usr/lib/jvm/java-8-openjdk-amd64/jre/lib/jfr.jar:/usr/lib/jvm/java-8-openjdk-amd64/jre/classes" />
    <property name="gwt.sdk" value="/home/ubuntu/mitapp/appinventor-sources/appinventor/lib/gwt/2.8.1-patched" />
    <property name="blockly.config" value="ploverConfig-dev.js" />
    <property name="sun.desktop" value="gnome" />
    <property name="java.vm.specification.vendor" value="Oracle Corporation" />
    <property name="ant.home" value="/usr/share/ant" />
    <property name="java.runtime.version" value="1.8.0_362-8u372-ga~us1-0ubuntu1~20.04-b09" />
    <property name="ant.file.type.blocklyeditor" value="file" />
    <property name="user.name" value="ubuntu" />
    <property name="public.build.dir" value="/home/ubuntu/mitapp/appinventor-sources/appinventor/build/blocklyeditor" />
    <property name="debug" value="true" />
    <property name="build.dir" value="/home/ubuntu/mitapp/appinventor-sources/appinventor/build" />
    <property name="appinventor.dir" value="/home/ubuntu/mitapp/appinventor-sources/appinventor" />
    <property name="user.language" value="en" />
    <property name="class.dir" value="/home/ubuntu/mitapp/appinventor-sources/appinventor/blocklyeditor/build/classes" />
    <property name="BlocklyCompile.uptodate" value="true" />
    <property name="BlocklyTranslator-class.dir" value="/home/ubuntu/mitapp/appinventor-sources/appinventor/blocklyeditor/build/classes/BlocklyTranslator-classes" />
    <property name="sun.boot.library.path" value="/usr/lib/jvm/java-8-openjdk-amd64/jre/lib/amd64" />
    <property name="reports.dir" value="/home/ubuntu/mitapp/appinventor-sources/appinventor/blocklyeditor/reports" />
    <property name="ant.project.default-target" value="all" />
    <property name="ant.project.name" value="blocklyeditor" />
    <property name="java.version" value="1.8.0_362" />
    <property name="user.timezone" value="" />
    <property name="sun.arch.data.model" value="64" />
    <property name="java.endorsed.dirs" value="/usr/lib/jvm/java-8-openjdk-amd64/jre/lib/endorsed" />
    <property name="sun.cpu.isalist" value="" />
    <property name="sun.jnu.encoding" value="UTF-8" />
    <property name="file.encoding.pkg" value="sun.io" />
    <property name="file.separator" value="/" />
    <property name="java.specification.name" value="Java Platform API Specification" />
    <property name="java.class.version" value="52.0" />
    <property name="user.country" value="IN" />
    <property name="java.home" value="/usr/lib/jvm/java-8-openjdk-amd64/jre" />
    <property name="ant.file.AllProjects" value="/home/ubuntu/mitapp/appinventor-sources/appinventor/build.xml" />
    <property name="java.vm.info" value="mixed mode" />
    <property name="ant.file" value="/home/ubuntu/mitapp/appinventor-sources/appinventor/blocklyeditor/build.xml" />
    <property name="os.version" value="5.15.0-71-generic" />
    <property name="BlocklyTranslations.dir" value="/home/ubuntu/mitapp/appinventor-sources/appinventor/build/blocklyeditor/msg" />
    <property name="path.separator" value=":" />
    <property name="java.vm.version" value="25.362-b09" />
    <property name="release" value="false" />
    <property name="ant.library.dir" value="/usr/share/ant/lib" />
    <property name="ant.file.type.AllProjects" value="file" />
    <property name="java.awt.printerjob" value="sun.print.PSPrinterJob" />
    <property name="sun.io.unicode.encoding" value="UnicodeLittle" />
    <property name="java.specification.maintenance.version" value="4" />
    <property name="awt.toolkit" value="sun.awt.X11.XToolkit" />
    <property name="_jacoco.agentFile" value="/tmp/jacocoagent1061154910769875080.jar" />
    <property name="debug.compile" value="true" />
    <property name="coverage.dir" value="/home/ubuntu/mitapp/appinventor-sources/appinventor/blocklyeditor/reports/coverage" />
    <property name="user.home" value="/home/ubuntu" />
    <property name="java.specification.vendor" value="Oracle Corporation" />
    <property name="java.library.path" value="/usr/java/packages/lib/amd64:/usr/lib/x86_64-linux-gnu/jni:/lib/x86_64-linux-gnu:/usr/lib/x86_64-linux-gnu:/usr/lib/jni:/lib:/usr/lib" />
    <property name="java.vendor.url" value="http://java.oracle.com/" />
    <property name="run.dir" value="/home/ubuntu/mitapp/appinventor-sources/appinventor/blocklyeditor/build/run" />
    <property name="java.vm.vendor" value="Private Build" />
    <property name="java.runtime.name" value="OpenJDK Runtime Environment" />
    <property name="sun.java.command" value="org.apache.tools.ant.taskdefs.optional.junit.JUnitTestRunner testsfile=/home/ubuntu/mitapp/appinventor-sources/appinventor/blocklyeditor/junittestcases1491534741102994139.properties skipNonTests=false filtertrace=true haltOnError=false haltOnFailure=true formatter=org.apache.tools.ant.taskdefs.optional.junit.SummaryJUnitResultFormatter showoutput=false outputtoformatters=true logfailedtests=true threadid=0 logtestlistenerevents=false formatter=org.apache.tools.ant.taskdefs.optional.junit.XMLJUnitResultFormatter,/home/ubuntu/mitapp/appinventor-sources/appinventor/blocklyeditor/reports/raw/IGNORETHIS.xml crashfile=/home/ubuntu/mitapp/appinventor-sources/appinventor/blocklyeditor/junitvmwatcher1118029711302954242.properties propsfile=/home/ubuntu/mitapp/appinventor-sources/appinventor/blocklyeditor/junit4795571208386560075.properties" />
    <property name="java.class.path" value="/home/ubuntu/mitapp/appinventor-sources/appinventor/build/common/CommonTestUtils.jar:/home/ubuntu/mitapp/appinventor-sources/appinventor/build/components/CommonConstants.jar:/home/ubuntu/mitapp/appinventor-sources/appinventor/lib/junit/junit-4.8.2.jar:/home/ubuntu/mitapp/appinventor-sources/appinventor/blocklyeditor/build/BlocklyeditorTests.jar:/usr/share/java/ant-launcher-1.10.7.jar:/usr/share/ant/lib/ant.jar:/usr/share/ant/lib/ant-junit.jar:/usr/share/ant/lib/ant-junit4.jar:/tmp/jacocoagent1061154910769875080.jar" />
    <property name="ant.version" value="Apache Ant(TM) version 1.10.7 compiled on October 24 2019" />
    <property name="ant.file.type.CommonDefinitions" value="file" />
    <property name="ant.file.CommonDefinitions" value="/home/ubuntu/mitapp/appinventor-sources/appinventor/build-common.xml" />
    <property name="java.vm.specification.name" value="Java Virtual Machine Specification" />
    <property name="ant.file.type" value="file" />
    <property name="java.vm.specification.version" value="1.8" />
    <property name="sun.os.patch.level" value="unknown" />
    <property name="sun.cpu.endian" value="little" />
    <property name="test_name.class" value="${test_name}" />
    <property name="java.awt.headless" value="true" />
    <property name="java.io.tmpdir" value="/tmp" />
    <property name="java.vendor.url.bug" value="http://bugreport.sun.com/bugreport/" />
    <property name="local.lib.dir" value="/home/ubuntu/mitapp/appinventor-sources/appinventor/blocklyeditor/lib" />
    <property name="java.awt.graphicsenv" value="sun.awt.X11GraphicsEnvironment" />
    <property name="os.arch" value="amd64" />
    <property name="java.ext.dirs" value="/usr/lib/jvm/java-8-openjdk-amd64/jre/lib/ext:/usr/java/packages/lib/ext" />
    <property name="tests.dir" value="/home/ubuntu/mitapp/appinventor-sources/appinventor/blocklyeditor/tests" />
    <property name="user.dir" value="/home/ubuntu/mitapp/appinventor-sources/appinventor/blocklyeditor" />
    <property name="line.separator" value="&#xa;" />
    <property name="java.vm.name" value="OpenJDK 64-Bit Server VM" />
    <property name="basedir" value="/home/ubuntu/mitapp/appinventor-sources/appinventor/blocklyeditor" />
    <property name="local.build.dir" value="/home/ubuntu/mitapp/appinventor-sources/appinventor/blocklyeditor/build" />
    <property name="gwt.args" value="-devMode -logLevel WARN -war /home/ubuntu/mitapp/appinventor-sources/appinventor/blocklyeditor/build/build/war" />
    <property name="ant.java.version" value="1.8" />
    <property name="ant.core.lib" value="/usr/share/ant/lib/ant.jar" />
    <property name="file.encoding" value="UTF-8" />
    <property name="blocklyeditor.pkg" value="com/google/appinventor/blocklyeditor" />
    <property name="java.specification.version" value="1.8" />
    <property name="src.dir" value="/home/ubuntu/mitapp/appinventor-sources/appinventor/blocklyeditor/src" />
    <property name="ant.project.invoked-targets" value="tests" />
    <property name="run.lib.dir" value="/home/ubuntu/mitapp/appinventor-sources/appinventor/blocklyeditor/build/run/lib" />
  </properties>
  <testcase classname="com.google.appinventor.blocklyeditor.BlocklyCodeGeneratorTest" name="testListsAddItems" time="0.029">
    <failure message="null expected:&lt;[true]&gt; but was:&lt;[]&gt;" type="junit.framework.ComparisonFailure">junit.framework.ComparisonFailure: null expected:&lt;[true]&gt; but was:&lt;[]&gt;
	at com.google.appinventor.blocklyeditor.BlocklyCodeGeneratorTest.testListsAddItems(BlocklyCodeGeneratorTest.java:38)
</failure>
  </testcase>
  <system-out><![CDATA[CodeBlocksProcessHelper: Error trying to exec command: Cannot run program "phantomjs": error=2, No such file or directory
]]></system-out>
  <system-err><![CDATA[java.io.IOException: 
	at com.google.appinventor.blocklyeditor.CodeBlocksProcessHelper.exec(CodeBlocksProcessHelper.java:122)
	at com.google.appinventor.blocklyeditor.BlocklyTestUtils.generatorTest(BlocklyTestUtils.java:25)
	at com.google.appinventor.blocklyeditor.BlocklyCodeGeneratorTest.testListsAddItems(BlocklyCodeGeneratorTest.java:36)
	at sun.reflect.NativeMethodAccessorImpl.invoke0(Native Method)
	at sun.reflect.NativeMethodAccessorImpl.invoke(NativeMethodAccessorImpl.java:62)
	at sun.reflect.DelegatingMethodAccessorImpl.invoke(DelegatingMethodAccessorImpl.java:43)
	at java.lang.reflect.Method.invoke(Method.java:498)
	at junit.framework.TestCase.runTest(TestCase.java:168)
	at junit.framework.TestCase.runBare(TestCase.java:134)
	at junit.framework.TestResult$1.protect(TestResult.java:110)
	at junit.framework.TestResult.runProtected(TestResult.java:128)
	at junit.framework.TestResult.run(TestResult.java:113)
	at junit.framework.TestCase.run(TestCase.java:124)
	at junit.framework.TestSuite.runTest(TestSuite.java:243)
	at junit.framework.TestSuite.run(TestSuite.java:238)
	at org.apache.tools.ant.taskdefs.optional.junit.JUnitTestRunner.run(JUnitTestRunner.java:534)
	at org.apache.tools.ant.taskdefs.optional.junit.JUnitTestRunner.launch(JUnitTestRunner.java:1196)
	at org.apache.tools.ant.taskdefs.optional.junit.JUnitTestRunner.main(JUnitTestRunner.java:1014)
]]></system-err>
</testsuite>
